<?xml version="1.0" encoding="UTF-8"?>
<!-- Generated by org.testng.reporters.JUnitXMLReporter -->
<testsuite hostname="TO-OW-15-PC" name="Test1" tests="1" failures="1" timestamp="8 Jan 2020 11:52:53 GMT" time="70.505" errors="0">
  <testcase name="createBroadCastMessage" time="70.298" classname="com.techouts.fanniemae.testcases.BroadCastMessage">
    <failure type="com.techouts.fanniemae.exceptions.FannieMaeBusinessException" message="unable to perform logout operation in TestCase[CreateBroadCastMessage].">
      <![CDATA[com.techouts.fanniemae.exceptions.FannieMaeBusinessException: unable to perform logout operation in TestCase[CreateBroadCastMessage].
	at com.fanniemae.automation.test.page.actions.HomePageActions.logout(HomePageActions.java:363)
	at com.techouts.fanniemae.testcases.BroadCastMessage.createBroadCastMessage(BroadCastMessage.java:111)
... Removed 24 stack frames]]>
    </failure>
  </testcase> <!-- createBroadCastMessage -->
</testsuite> <!-- Test1 -->
